0 info it worked if it ends with ok
1 verbose cli [ 'C:\\nodejs\\node.exe',
1 verbose cli   'C:\\Users\\andrey.selemenev\\AppData\\Roaming\\npm\\node_modules\\npm\\bin\\npm-cli.js',
1 verbose cli   'publish' ]
2 info using npm@3.10.9
3 info using node@v6.9.1
4 verbose publish [ '.' ]
5 silly cache add args [ '.', null ]
6 verbose cache add spec .
7 silly cache add parsed spec Result {
7 silly cache add   raw: '.',
7 silly cache add   scope: null,
7 silly cache add   escapedName: null,
7 silly cache add   name: null,
7 silly cache add   rawSpec: '.',
7 silly cache add   spec: 'C:\\Edu\\react-start',
7 silly cache add   type: 'directory' }
8 verbose addLocalDirectory C:\Users\andrey.selemenev\AppData\Roaming\npm-cache\reactjs-starter\0.0.2\package.tgz not in flight; packing
9 verbose correctMkdir C:\Users\andrey.selemenev\AppData\Roaming\npm-cache correctMkdir not in flight; initializing
10 info lifecycle reactjs-starter@0.0.2~prepublish: reactjs-starter@0.0.2
11 silly lifecycle reactjs-starter@0.0.2~prepublish: no script for prepublish, continuing
12 verbose tar pack [ 'C:\\Users\\andrey.selemenev\\AppData\\Roaming\\npm-cache\\reactjs-starter\\0.0.2\\package.tgz',
12 verbose tar pack   'C:\\Edu\\react-start' ]
13 verbose tarball C:\Users\andrey.selemenev\AppData\Roaming\npm-cache\reactjs-starter\0.0.2\package.tgz
14 verbose folder C:\Edu\react-start
15 verbose addLocalTarball adding from inside cache C:\Users\andrey.selemenev\AppData\Roaming\npm-cache\reactjs-starter\0.0.2\package.tgz
16 verbose correctMkdir C:\Users\andrey.selemenev\AppData\Roaming\npm-cache correctMkdir not in flight; initializing
17 silly cache afterAdd reactjs-starter@0.0.2
18 verbose afterAdd C:\Users\andrey.selemenev\AppData\Roaming\npm-cache\reactjs-starter\0.0.2\package\package.json not in flight; writing
19 verbose correctMkdir C:\Users\andrey.selemenev\AppData\Roaming\npm-cache correctMkdir not in flight; initializing
20 verbose afterAdd C:\Users\andrey.selemenev\AppData\Roaming\npm-cache\reactjs-starter\0.0.2\package\package.json written
21 silly publish { name: 'reactjs-starter',
21 silly publish   version: '0.0.2',
21 silly publish   description: 'ReactJS starter',
21 silly publish   main: 'index.js',
21 silly publish   scripts:
21 silly publish    { dev: 'webpack -d --watch',
21 silly publish      'server:dev': 'webpack-dev-server --inline --hot',
21 silly publish      build: 'webpack -p --progress --bail',
21 silly publish      test: 'echo "Error: no test specified" && exit 1' },
21 silly publish   author: { name: 'Andrey Selemenev' },
21 silly publish   homepage: 'https://github.com/andreyjkee/reactjs-starter',
21 silly publish   keywords: [ 'react', 'router', 'babel', 'starter' ],
21 silly publish   license: 'ISC',
21 silly publish   dependencies:
21 silly publish    { react: '^15.4.2',
21 silly publish      'react-dom': '^15.4.2',
21 silly publish      'react-router': '^3.0.2' },
21 silly publish   devDependencies:
21 silly publish    { 'babel-core': '^6.22.1',
21 silly publish      'babel-loader': '^6.2.10',
21 silly publish      'babel-runtime': '^6.20.0',
21 silly publish      'url-loader': '^0.5.7',
21 silly publish      'babel-plugin-transform-runtime': '^6.15.0',
21 silly publish      'babel-preset-es2015': '^6.22.0',
21 silly publish      'babel-preset-react': '^6.22.0',
21 silly publish      'babel-preset-stage-0': '^6.16.0',
21 silly publish      'copy-webpack-plugin': '^4.0.1',
21 silly publish      webpack: '^2.2.0',
21 silly publish      'webpack-dev-server': '^2.2.0' },
21 silly publish   readme: '# reactjs-starter\r\n\r\n# Installation:\r\n```\r\nnpm install reactjs-starter\r\n```\r\n',
21 silly publish   readmeFilename: 'README.md',
21 silly publish   gitHead: '0379e61a960d7b9ca1dec4e07ae8b80747ca331d',
21 silly publish   _id: 'reactjs-starter@0.0.2',
21 silly publish   _shasum: '6a786abcc34a091e5da9b63ac20fd4be6ac46ce8',
21 silly publish   _from: '.' }
22 verbose getPublishConfig undefined
23 silly mapToRegistry name reactjs-starter
24 silly mapToRegistry using default registry
25 silly mapToRegistry registry https://registry.npmjs.org/
26 silly mapToRegistry data Result {
26 silly mapToRegistry   raw: 'reactjs-starter',
26 silly mapToRegistry   scope: null,
26 silly mapToRegistry   escapedName: 'reactjs-starter',
26 silly mapToRegistry   name: 'reactjs-starter',
26 silly mapToRegistry   rawSpec: '',
26 silly mapToRegistry   spec: 'latest',
26 silly mapToRegistry   type: 'tag' }
27 silly mapToRegistry uri https://registry.npmjs.org/reactjs-starter
28 verbose publish registryBase https://registry.npmjs.org/
29 silly publish uploading C:\Users\andrey.selemenev\AppData\Roaming\npm-cache\reactjs-starter\0.0.2\package.tgz
30 verbose request uri https://registry.npmjs.org/reactjs-starter
31 verbose request sending authorization for write operation
32 info attempt registry request try #1 at 12:10:25 PM
33 verbose request using bearer token for auth
34 verbose request id ecc36a34911284a2
35 http request PUT https://registry.npmjs.org/reactjs-starter
36 http 403 https://registry.npmjs.org/reactjs-starter
37 verbose headers { 'content-type': 'application/json',
37 verbose headers   'cache-control': 'max-age=300',
37 verbose headers   'content-length': '95',
37 verbose headers   'accept-ranges': 'bytes',
37 verbose headers   date: 'Tue, 31 Jan 2017 09:10:27 GMT',
37 verbose headers   via: '1.1 varnish',
37 verbose headers   connection: 'keep-alive',
37 verbose headers   'x-served-by': 'cache-ams4423-AMS',
37 verbose headers   'x-cache': 'MISS',
37 verbose headers   'x-cache-hits': '0',
37 verbose headers   'x-timer': 'S1485853826.084118,VS0,VE1088',
37 verbose headers   vary: 'Accept-Encoding' }
38 verbose request invalidating C:\Users\andrey.selemenev\AppData\Roaming\npm-cache\registry.npmjs.org\reactjs-starter on PUT
39 error publish Failed PUT 403
40 verbose stack Error: "You cannot publish over the previously published version 0.0.2." : reactjs-starter
40 verbose stack     at makeError (C:\Users\andrey.selemenev\AppData\Roaming\npm\node_modules\npm\node_modules\npm-registry-client\lib\request.js:302:12)
40 verbose stack     at CachingRegistryClient.<anonymous> (C:\Users\andrey.selemenev\AppData\Roaming\npm\node_modules\npm\node_modules\npm-registry-client\lib\request.js:290:14)
40 verbose stack     at Request._callback (C:\Users\andrey.selemenev\AppData\Roaming\npm\node_modules\npm\node_modules\npm-registry-client\lib\request.js:210:14)
40 verbose stack     at Request.self.callback (C:\Users\andrey.selemenev\AppData\Roaming\npm\node_modules\npm\node_modules\request\request.js:187:22)
40 verbose stack     at emitTwo (events.js:106:13)
40 verbose stack     at Request.emit (events.js:191:7)
40 verbose stack     at Request.<anonymous> (C:\Users\andrey.selemenev\AppData\Roaming\npm\node_modules\npm\node_modules\request\request.js:1048:10)
40 verbose stack     at emitOne (events.js:96:13)
40 verbose stack     at Request.emit (events.js:188:7)
40 verbose stack     at IncomingMessage.<anonymous> (C:\Users\andrey.selemenev\AppData\Roaming\npm\node_modules\npm\node_modules\request\request.js:969:12)
41 verbose statusCode 403
42 verbose pkgid reactjs-starter
43 verbose cwd C:\Edu\react-start
44 error Windows_NT 6.1.7601
45 error argv "C:\\nodejs\\node.exe" "C:\\Users\\andrey.selemenev\\AppData\\Roaming\\npm\\node_modules\\npm\\bin\\npm-cli.js" "publish"
46 error node v6.9.1
47 error npm  v3.10.9
48 error code E403
49 error "You cannot publish over the previously published version 0.0.2." : reactjs-starter
50 error If you need help, you may report this error at:
50 error     <https://github.com/npm/npm/issues>
51 verbose exit [ 1, true ]
